<?xml version="1.0" encoding="UTF-8" standalone="no"?>
<fileLog>
<createdFiles>
<entry name="jre/lib/j9vm/libjvm.so" shared="false" uninstallMode="3"/>
<entry name="jre/bin/rmid" shared="false" uninstallMode="3"/>
<entry name="jre/legal/java.sql.rowset/ASSEMBLY_EXCEPTION" shared="false" uninstallMode="3"/>
<entry name="jre/legal/jdk.httpserver/LICENSE" shared="false" uninstallMode="3"/>
<entry name="jre/legal/jdk.unsupported/ASSEMBLY_EXCEPTION" shared="false" uninstallMode="3"/>
<entry name="jre/legal/jdk.security.jgss/ASSEMBLY_EXCEPTION" shared="false" uninstallMode="3"/>
<entry name="jre/legal/java.xml.crypto/LICENSE" shared="false" uninstallMode="3"/>
<entry name="jre/legal/jdk.sctp/ADDITIONAL_LICENSE_INFO" shared="false" uninstallMode="3"/>
<entry name=".install4j/MessagesDefault" shared="false" uninstallMode="2"/>
<entry name="jre/legal/java.base/c-libutl.md" shared="false" uninstallMode="3"/>
<entry name=".install4j/tablet.png" shared="false" uninstallMode="2"/>
<entry name="lib/htsjdk-2.11.0.jar" shared="false" uninstallMode="0"/>
<entry name=".install4j/libi4jinst.dylib" shared="false" uninstallMode="2"/>
<entry name="jre/lib/libj2gss.so" shared="false" uninstallMode="3"/>
<entry name="jre/legal/java.datatransfer/ADDITIONAL_LICENSE_INFO" shared="false" uninstallMode="3"/>
<entry name="lib/commons-compress-1.4.1.jar" shared="false" uninstallMode="0"/>
<entry name="jre/legal/java.rmi/ASSEMBLY_EXCEPTION" shared="false" uninstallMode="3"/>
<entry name="jre/legal/jdk.jdwp.agent/ADDITIONAL_LICENSE_INFO" shared="false" uninstallMode="3"/>
<entry name="jre/legal/java.naming/ADDITIONAL_LICENSE_INFO" shared="false" uninstallMode="3"/>
<entry name="jre/legal/java.xml/ADDITIONAL_LICENSE_INFO" shared="false" uninstallMode="3"/>
<entry name="jre/legal/java.xml/dom.md" shared="false" uninstallMode="3"/>
<entry name="jre/conf/security/policy/unlimited/default_US_export.policy" shared="false" uninstallMode="3"/>
<entry name="jre/legal/java.security.sasl/LICENSE" shared="false" uninstallMode="3"/>
<entry name="jre/legal/java.sql/ASSEMBLY_EXCEPTION" shared="false" uninstallMode="3"/>
<entry name="jre/lib/i386/client/classes.jsa" shared="false" uninstallMode="0"/>
<entry name="lib/samtools-linux64.jar" shared="false" uninstallMode="0"/>
<entry name="jre/legal/java.desktop/harfbuzz.md" shared="false" uninstallMode="3"/>
<entry name="jre/legal/jdk.localedata/ADDITIONAL_LICENSE_INFO" shared="false" uninstallMode="3"/>
<entry name="jre/lib/liblcms.so" shared="false" uninstallMode="3"/>
<entry name="jre/legal/jdk.crypto.cryptoki/ADDITIONAL_LICENSE_INFO" shared="false" uninstallMode="3"/>
<entry name="jre/lib/java_it.properties" shared="false" uninstallMode="3"/>
<entry name="jre/lib/libmanagement_agent.so" shared="false" uninstallMode="3"/>
<entry name="jre/legal/java.rmi/ADDITIONAL_LICENSE_INFO" shared="false" uninstallMode="3"/>
<entry name="jre/legal/jdk.internal.le/ASSEMBLY_EXCEPTION" shared="false" uninstallMode="3"/>
<entry name="jre/legal/jdk.security.jgss/ADDITIONAL_LICENSE_INFO" shared="false" uninstallMode="3"/>
<entry name="jre/bin/unpack200" shared="false" uninstallMode="3"/>
<entry name="jre/legal/jdk.accessibility/ASSEMBLY_EXCEPTION" shared="false" uninstallMode="3"/>
<entry name="jre/legal/java.se/LICENSE" shared="false" uninstallMode="3"/>
<entry name="jre/conf/security/java.policy" shared="false" uninstallMode="3"/>
<entry name="jre/legal/java.desktop/colorimaging.md" shared="false" uninstallMode="3"/>
<entry name="jre/legal/java.base/openj9-openjdk-notices" shared="false" uninstallMode="3"/>
<entry name="jre/lib/compressedrefs/libj9dmp29.so" shared="false" uninstallMode="3"/>
<entry name="jre/lib/security/cacerts" shared="false" uninstallMode="3"/>
<entry name="jre/legal/java.smartcardio/ADDITIONAL_LICENSE_INFO" shared="false" uninstallMode="3"/>
<entry name=".install4j/install4j_6mcgay-tablet.desktop" shared="false" uninstallMode="2"/>
<entry name="jre/lib/libzip.so" shared="false" uninstallMode="3"/>
<entry name="jre/conf/security/policy/limited/default_local.policy" shared="false" uninstallMode="3"/>
<entry name="jre/lib/java_pt_BR.properties" shared="false" uninstallMode="3"/>
<entry name="jre/legal/java.management/ASSEMBLY_EXCEPTION" shared="false" uninstallMode="3"/>
<entry name="jre/legal/jdk.security.auth/LICENSE" shared="false" uninstallMode="3"/>
<entry name=".install4j/launcher2bfa42ba.jar" shared="false" uninstallMode="2"/>
<entry name="docs/help.url" shared="false" uninstallMode="0"/>
<entry name=".install4j/i4j_extf_5_18tgpaa_o9yl28.png" shared="false" uninstallMode="2"/>
<entry name="jre/legal/jdk.crypto.ec/LICENSE" shared="false" uninstallMode="3"/>
<entry name="jre/bin/jrunscript" shared="false" uninstallMode="3"/>
<entry name="jre/conf/security/java.security" shared="false" uninstallMode="3"/>
<entry name="jre/legal/java.transaction.xa/ASSEMBLY_EXCEPTION" shared="false" uninstallMode="3"/>
<entry name="jre/legal/java.xml/LICENSE" shared="false" uninstallMode="3"/>
<entry name="jre/legal/java.xml/jcup.md" shared="false" uninstallMode="3"/>
<entry name="jre/legal/java.scripting/ADDITIONAL_LICENSE_INFO" shared="false" uninstallMode="3"/>
<entry name="jre/legal/jdk.naming.rmi/LICENSE" shared="false" uninstallMode="3"/>
<entry name="jre/lib/libextnet.so" shared="false" uninstallMode="3"/>
<entry name="jre/lib/tzdb.dat" shared="false" uninstallMode="3"/>
<entry name="jre/legal/jdk.xml.dom/ADDITIONAL_LICENSE_INFO" shared="false" uninstallMode="3"/>
<entry name="jre/legal/jdk.xml.dom/ASSEMBLY_EXCEPTION" shared="false" uninstallMode="3"/>
<entry name="jre/lib/java_ca.properties" shared="false" uninstallMode="3"/>
<entry name="jre/lib/java_zh_CN.properties" shared="false" uninstallMode="3"/>
<entry name="jre/legal/jdk.zipfs/LICENSE" shared="false" uninstallMode="3"/>
<entry name=".install4j/uninstall.png" shared="false" uninstallMode="2"/>
<entry name="jre/legal/java.logging/ASSEMBLY_EXCEPTION" shared="false" uninstallMode="3"/>
<entry name="jre/include/ibmjvmti.h" shared="false" uninstallMode="3"/>
<entry name=".install4j/response.varfile" shared="false" uninstallMode="0"/>
<entry name="jre/legal/java.smartcardio/pcsclite.md" shared="false" uninstallMode="3"/>
<entry name="jre/legal/java.desktop/mesa3d.md" shared="false" uninstallMode="3"/>
<entry name="jre/lib/libdt_socket.so" shared="false" uninstallMode="3"/>
<entry name="jre/bin/pack200" shared="false" uninstallMode="3"/>
<entry name="jre/lib/compressedrefs/libj9thr29.so" shared="false" uninstallMode="3"/>
<entry name="jre/legal/jdk.charsets/ADDITIONAL_LICENSE_INFO" shared="false" uninstallMode="3"/>
<entry name="jre/lib/server/libjvm.so" shared="false" uninstallMode="3"/>
<entry name="docs/xerial-sqlite.txt" shared="false" uninstallMode="0"/>
<entry name="jre/lib/i386/server/classes.jsa" shared="false" uninstallMode="0"/>
<entry name="jre/legal/jdk.net/LICENSE" shared="false" uninstallMode="3"/>
<entry name="jre/legal/jdk.crypto.cryptoki/pkcs11wrapper.md" shared="false" uninstallMode="3"/>
<entry name=".install4j/libi4jinst2.dylib" shared="false" uninstallMode="2"/>
<entry name="jre/release" shared="false" uninstallMode="3"/>
<entry name="jre/lib/security/blacklisted.certs" shared="false" uninstallMode="3"/>
<entry name="jre/lib/compressedrefs/libj9trc29.so" shared="false" uninstallMode="3"/>
<entry name=".install4j/i4j_extf_1_18tgpaa.html" shared="false" uninstallMode="2"/>
<entry name="jre/legal/jdk.internal.jvmstat/ADDITIONAL_LICENSE_INFO" shared="false" uninstallMode="3"/>
<entry name=".install4j/i4j_extf_0_18tgpaa.utf8" shared="false" uninstallMode="2"/>
<entry name="jre/legal/jdk.charsets/LICENSE" shared="false" uninstallMode="3"/>
<entry name="jre/legal/java.se/ADDITIONAL_LICENSE_INFO" shared="false" uninstallMode="3"/>
<entry name="jre/legal/java.desktop/jpeg.md" shared="false" uninstallMode="3"/>
<entry name="jre/legal/java.transaction.xa/LICENSE" shared="false" uninstallMode="3"/>
<entry name="jre/lib/libverify.so" shared="false" uninstallMode="3"/>
<entry name="lib/tablet-resources.jar" shared="false" uninstallMode="0"/>
<entry name="jre/legal/java.logging/ADDITIONAL_LICENSE_INFO" shared="false" uninstallMode="3"/>
<entry name="jre/legal/jdk.management/LICENSE" shared="false" uninstallMode="3"/>
<entry name="jre/lib/java_sl.properties" shared="false" uninstallMode="3"/>
<entry name="jre/legal/jdk.charsets/ASSEMBLY_EXCEPTION" shared="false" uninstallMode="3"/>
<entry name="jre/lib/compressedrefs/libj9gc29.so" shared="false" uninstallMode="3"/>
<entry name="jre/conf/management/management.properties" shared="false" uninstallMode="3"/>
<entry name="jre/legal/java.rmi/LICENSE" shared="false" uninstallMode="3"/>
<entry name="jre/lib/libjimage.so" shared="false" uninstallMode="3"/>
<entry name="docs/flamingo.txt" shared="false" uninstallMode="0"/>
<entry name="jre/include/jvmti.h" shared="false" uninstallMode="3"/>
<entry name="jre/lib/libnet.so" shared="false" uninstallMode="3"/>
<entry name="jre/legal/java.datatransfer/ASSEMBLY_EXCEPTION" shared="false" uninstallMode="3"/>
<entry name="jre/legal/java.base/ASSEMBLY_EXCEPTION" shared="false" uninstallMode="3"/>
<entry name="docs/tablet.html" shared="false" uninstallMode="0"/>
<entry name="jre/legal/java.base/aes.md" shared="false" uninstallMode="3"/>
<entry name="jre/legal/jdk.net/ADDITIONAL_LICENSE_INFO" shared="false" uninstallMode="3"/>
<entry name="jre/legal/java.net.http/LICENSE" shared="false" uninstallMode="3"/>
<entry name="jre/legal/java.compiler/ASSEMBLY_EXCEPTION" shared="false" uninstallMode="3"/>
<entry name="jre/legal/java.naming/ASSEMBLY_EXCEPTION" shared="false" uninstallMode="3"/>
<entry name="jre/lib/java_pl.properties" shared="false" uninstallMode="3"/>
<entry name="jre/lib/libattach.so" shared="false" uninstallMode="3"/>
<entry name="jre/conf/management/jmxremote.access" shared="false" uninstallMode="3"/>
<entry name="jre/legal/jdk.jdwp.agent/LICENSE" shared="false" uninstallMode="3"/>
<entry name=".install4j/inst_jre.cfg" shared="false" uninstallMode="0"/>
<entry name="Tablet.desktop" shared="false" uninstallMode="0"/>
<entry name="jre/lib/libawt.so" shared="false" uninstallMode="3"/>
<entry name="jre/legal/jdk.zipfs/ASSEMBLY_EXCEPTION" shared="false" uninstallMode="3"/>
<entry name="jre/legal/jdk.internal.jvmstat/ASSEMBLY_EXCEPTION" shared="false" uninstallMode="3"/>
<entry name="jre/legal/jdk.crypto.ec/ADDITIONAL_LICENSE_INFO" shared="false" uninstallMode="3"/>
<entry name="jre/legal/java.instrument/ADDITIONAL_LICENSE_INFO" shared="false" uninstallMode="3"/>
<entry name="jre/lib/libmanagement.so" shared="false" uninstallMode="3"/>
<entry name="jre/legal/jdk.crypto.cryptoki/pkcs11cryptotoken.md" shared="false" uninstallMode="3"/>
<entry name="jre/legal/jdk.pack/ADDITIONAL_LICENSE_INFO" shared="false" uninstallMode="3"/>
<entry name="jre/lib/java_zh_TW.properties" shared="false" uninstallMode="3"/>
<entry name="jre/legal/java.management.rmi/ADDITIONAL_LICENSE_INFO" shared="false" uninstallMode="3"/>
<entry name="jre/legal/jdk.naming.dns/ASSEMBLY_EXCEPTION" shared="false" uninstallMode="3"/>
<entry name="jre/legal/jdk.crypto.cryptoki/ASSEMBLY_EXCEPTION" shared="false" uninstallMode="3"/>
<entry name="jre/lib/libnio.so" shared="false" uninstallMode="3"/>
<entry name="jre/lib/java_tr.properties" shared="false" uninstallMode="3"/>
<entry name="jre/legal/jdk.scripting.nashorn/double-conversion.md" shared="false" uninstallMode="3"/>
<entry name="jre/bin/client/classes.jsa" shared="false" uninstallMode="0"/>
<entry name="jre/lib/java.properties" shared="false" uninstallMode="3"/>
<entry name="jre/legal/jdk.jdwp.agent/ASSEMBLY_EXCEPTION" shared="false" uninstallMode="3"/>
<entry name="jre/legal/java.xml/xerces.md" shared="false" uninstallMode="3"/>
<entry name="jre/legal/jdk.attach/ADDITIONAL_LICENSE_INFO" shared="false" uninstallMode="3"/>
<entry name="jre/legal/jdk.internal.jvmstat/LICENSE" shared="false" uninstallMode="3"/>
<entry name="jre/legal/jdk.scripting.nashorn.shell/ADDITIONAL_LICENSE_INFO" shared="false" uninstallMode="3"/>
<entry name="jre/lib/sparc/server/classes.jsa" shared="false" uninstallMode="0"/>
<entry name="jre/legal/java.security.jgss/ADDITIONAL_LICENSE_INFO" shared="false" uninstallMode="3"/>
<entry name="jre/bin/jitserver" shared="false" uninstallMode="3"/>
<entry name=".install4j/i4jruntime.jar" shared="false" uninstallMode="2"/>
<entry name="jre/legal/java.xml/bcel.md" shared="false" uninstallMode="3"/>
<entry name="jre/legal/jdk.management.agent/LICENSE" shared="false" uninstallMode="3"/>
<entry name="jre/lib/jli/libjli.so" shared="false" uninstallMode="3"/>
<entry name=".install4j/updater" shared="false" uninstallMode="0"/>
<entry name="jre/legal/java.sql.rowset/LICENSE" shared="false" uninstallMode="3"/>
<entry name="jre/lib/jvm.cfg" shared="false" uninstallMode="3"/>
<entry name="jre/legal/jdk.scripting.nashorn.shell/LICENSE" shared="false" uninstallMode="3"/>
<entry name="jre/lib/compressedrefs/libj9jvmti29.so" shared="false" uninstallMode="3"/>
<entry name="jre/lib/psfont.properties.ja" shared="false" uninstallMode="3"/>
<entry name="jre/include/jni.h" shared="false" uninstallMode="3"/>
<entry name="jre/lib/libsunec.so" shared="false" uninstallMode="3"/>
<entry name="jre/lib/amd64/server/classes.jsa" shared="false" uninstallMode="0"/>
<entry name="jre/legal/jdk.dynalink/ADDITIONAL_LICENSE_INFO" shared="false" uninstallMode="3"/>
<entry name="jre/legal/java.desktop/ASSEMBLY_EXCEPTION" shared="false" uninstallMode="3"/>
<entry name="jre/legal/jdk.dynalink/dynalink.md" shared="false" uninstallMode="3"/>
<entry name="jre/legal/jdk.internal.le/LICENSE" shared="false" uninstallMode="3"/>
<entry name="jre/conf/security/policy/limited/default_US_export.policy" shared="false" uninstallMode="3"/>
<entry name="jre/lib/jexec" shared="false" uninstallMode="3"/>
<entry name="jre/legal/jdk.scripting.nashorn/LICENSE" shared="false" uninstallMode="3"/>
<entry name="jre/legal/java.base/asm.md" shared="false" uninstallMode="3"/>
<entry name="jre/legal/jdk.attach/ASSEMBLY_EXCEPTION" shared="false" uninstallMode="3"/>
<entry name="tablet.vmoptions" shared="false" uninstallMode="0"/>
<entry name="tablet" shared="false" uninstallMode="0"/>
<entry name=".install4j/i4j_extf_2_18tgpaa_x7nby6.png" shared="false" uninstallMode="2"/>
<entry name="jre/legal/jdk.management/ASSEMBLY_EXCEPTION" shared="false" uninstallMode="3"/>
<entry name="jre/legal/java.management/ADDITIONAL_LICENSE_INFO" shared="false" uninstallMode="3"/>
<entry name="jre/legal/java.transaction.xa/ADDITIONAL_LICENSE_INFO" shared="false" uninstallMode="3"/>
<entry name="jre/legal/jdk.zipfs/ADDITIONAL_LICENSE_INFO" shared="false" uninstallMode="3"/>
<entry name=".install4j/launcher0.jar" shared="false" uninstallMode="2"/>
<entry name="jre/legal/java.net.http/ASSEMBLY_EXCEPTION" shared="false" uninstallMode="3"/>
<entry name="jre/lib/j9vm/libjsig.so" shared="false" uninstallMode="3"/>
<entry name="jre/lib/compressedrefs/libj9vm29.so" shared="false" uninstallMode="3"/>
<entry name="jre/legal/java.scripting/ASSEMBLY_EXCEPTION" shared="false" uninstallMode="3"/>
<entry name="jre/legal/jdk.unsupported.desktop/ADDITIONAL_LICENSE_INFO" shared="false" uninstallMode="3"/>
<entry name="jre/conf/security/policy/unlimited/default_local.policy" shared="false" uninstallMode="3"/>
<entry name="jre/legal/jdk.jsobject/ADDITIONAL_LICENSE_INFO" shared="false" uninstallMode="3"/>
<entry name="jre/legal/jdk.security.jgss/LICENSE" shared="false" uninstallMode="3"/>
<entry name=".install4j/installation.log" shared="false" uninstallMode="0"/>
<entry name="jre/conf/logging.properties" shared="false" uninstallMode="3"/>
<entry name="jre/legal/java.sql.rowset/ADDITIONAL_LICENSE_INFO" shared="false" uninstallMode="3"/>
<entry name="jre/legal/java.datatransfer/LICENSE" shared="false" uninstallMode="3"/>
<entry name="jre/lib/compressedrefs/libj9prt29.so" shared="false" uninstallMode="3"/>
<entry name="jre/lib/java_de.properties" shared="false" uninstallMode="3"/>
<entry name="jre/legal/java.compiler/ADDITIONAL_LICENSE_INFO" shared="false" uninstallMode="3"/>
<entry name="jre/lib/compressedrefs/libj9zlib29.so" shared="false" uninstallMode="3"/>
<entry name="jre/lib/libjaas.so" shared="false" uninstallMode="3"/>
<entry name="jre/legal/jdk.dynalink/ASSEMBLY_EXCEPTION" shared="false" uninstallMode="3"/>
<entry name="jre/legal/jdk.attach/LICENSE" shared="false" uninstallMode="3"/>
<entry name="jre/lib/compressedrefs/libomrsig.so" shared="false" uninstallMode="3"/>
<entry name="jre/legal/jdk.jsobject/ASSEMBLY_EXCEPTION" shared="false" uninstallMode="3"/>
<entry name=".install4j/i4j_extf_3_18tgpaa_vd2dea.png" shared="false" uninstallMode="2"/>
<entry name="jre/bin/server/classes.jsa" shared="false" uninstallMode="0"/>
<entry name="jre/lib/java_sk.properties" shared="false" uninstallMode="3"/>
<entry name="jre/lib/libawt_xawt.so" shared="false" uninstallMode="3"/>
<entry name="lib/scri-commons.jar" shared="false" uninstallMode="0"/>
<entry name="jre/legal/jdk.jsobject/LICENSE" shared="false" uninstallMode="3"/>
<entry name=".install4j/launcher1a239782.jar" shared="false" uninstallMode="2"/>
<entry name="jre/legal/jdk.httpserver/ADDITIONAL_LICENSE_INFO" shared="false" uninstallMode="3"/>
<entry name="jre/legal/jdk.naming.dns/ADDITIONAL_LICENSE_INFO" shared="false" uninstallMode="3"/>
<entry name="jre/legal/jdk.crypto.cryptoki/LICENSE" shared="false" uninstallMode="3"/>
<entry name=".install4j/launcher4fd1c277.jar" shared="false" uninstallMode="2"/>
<entry name="jre/conf/net.properties" shared="false" uninstallMode="3"/>
<entry name="jre/legal/jdk.sctp/ASSEMBLY_EXCEPTION" shared="false" uninstallMode="3"/>
<entry name="jre/legal/java.base/epl-2.0.html" shared="false" uninstallMode="3"/>
<entry name="jre/lib/libj2pkcs11.so" shared="false" uninstallMode="3"/>
<entry name="jre/lib/libjawt.so" shared="false" uninstallMode="3"/>
<entry name="jre/legal/jdk.localedata/thaidict.md" shared="false" uninstallMode="3"/>
<entry name="jre/lib/options.default" shared="false" uninstallMode="3"/>
<entry name=".install4j/stats.properties" shared="false" uninstallMode="2"/>
<entry name="jre/lib/compressedrefs/libj9jit29.so" shared="false" uninstallMode="3"/>
<entry name="jre/legal/jdk.naming.rmi/ADDITIONAL_LICENSE_INFO" shared="false" uninstallMode="3"/>
<entry name="jre/legal/java.xml/xalan.md" shared="false" uninstallMode="3"/>
<entry name="jre/legal/java.sql/LICENSE" shared="false" uninstallMode="3"/>
<entry name=".install4j/i4jempty.ttf" shared="false" uninstallMode="2"/>
<entry name=".install4j/i4j_extf_4_18tgpaa_18gg8kx@2x.png" shared="false" uninstallMode="2"/>
<entry name="jre/lib/java_fr.properties" shared="false" uninstallMode="3"/>
<entry name="jre/include/jawt.h" shared="false" uninstallMode="3"/>
<entry name="jre/legal/java.compiler/LICENSE" shared="false" uninstallMode="3"/>
<entry name="jre/conf/sound.properties" shared="false" uninstallMode="3"/>
<entry name="jre/bin/jjs" shared="false" uninstallMode="3"/>
<entry name="jre/legal/jdk.crypto.ec/ASSEMBLY_EXCEPTION" shared="false" uninstallMode="3"/>
<entry name="jre/legal/java.desktop/libpng.md" shared="false" uninstallMode="3"/>
<entry name="jre/legal/jdk.internal.le/jline.md" shared="false" uninstallMode="3"/>
<entry name="jre/legal/jdk.scripting.nashorn/joni.md" shared="false" uninstallMode="3"/>
<entry name="jre/legal/java.base/icu.md" shared="false" uninstallMode="3"/>
<entry name="jre/include/classfile_constants.h" shared="false" uninstallMode="3"/>
<entry name="jre/lib/libsplashscreen.so" shared="false" uninstallMode="3"/>
<entry name="jre/legal/java.prefs/LICENSE" shared="false" uninstallMode="3"/>
<entry name="jre/bin/keytool" shared="false" uninstallMode="3"/>
<entry name="jre/legal/jdk.naming.dns/LICENSE" shared="false" uninstallMode="3"/>
<entry name="jre/lib/compressedrefs/j9ddr.dat" shared="false" uninstallMode="3"/>
<entry name="jre/lib/libjavajpeg.so" shared="false" uninstallMode="3"/>
<entry name="jre/legal/java.instrument/ASSEMBLY_EXCEPTION" shared="false" uninstallMode="3"/>
<entry name="jre/include/linux/jni_md.h" shared="false" uninstallMode="3"/>
<entry name="jre/lib/compressedrefs/libj9hookable29.so" shared="false" uninstallMode="3"/>
<entry name="lib/sqlite-jdbc-3.8.6.jar" shared="false" uninstallMode="0"/>
<entry name="jre/legal/java.security.jgss/LICENSE" shared="false" uninstallMode="3"/>
<entry name="jre/conf/security/policy/limited/exempt_local.policy" shared="false" uninstallMode="3"/>
<entry name="jre/legal/jdk.localedata/cldr.md" shared="false" uninstallMode="3"/>
<entry name="jre/legal/java.xml.crypto/santuario.md" shared="false" uninstallMode="3"/>
<entry name="jre/legal/jdk.pack/LICENSE" shared="false" uninstallMode="3"/>
<entry name="jre/lib/java_ko.properties" shared="false" uninstallMode="3"/>
<entry name="jre/legal/jdk.internal.le/ADDITIONAL_LICENSE_INFO" shared="false" uninstallMode="3"/>
<entry name="jre/legal/jdk.unsupported/ADDITIONAL_LICENSE_INFO" shared="false" uninstallMode="3"/>
<entry name="jre/lib/java_es.properties" shared="false" uninstallMode="3"/>
<entry name="lib/flamingo.jar" shared="false" uninstallMode="0"/>
<entry name="jre/legal/java.net.http/ADDITIONAL_LICENSE_INFO" shared="false" uninstallMode="3"/>
<entry name="jre/lib/security/default.policy" shared="false" uninstallMode="3"/>
<entry name="jre/lib/librmi.so" shared="false" uninstallMode="3"/>
<entry name="jre/lib/java_cs.properties" shared="false" uninstallMode="3"/>
<entry name="jre/lib/security/public_suffix_list.dat" shared="false" uninstallMode="3"/>
<entry name="jre/lib/java_ja.properties" shared="false" uninstallMode="3"/>
<entry name="jre/legal/jdk.internal.ed/ADDITIONAL_LICENSE_INFO" shared="false" uninstallMode="3"/>
<entry name="jre/include/linux/jawt_md.h" shared="false" uninstallMode="3"/>
<entry name="jre/legal/jdk.unsupported.desktop/ASSEMBLY_EXCEPTION" shared="false" uninstallMode="3"/>
<entry name="jre/legal/java.xml/ASSEMBLY_EXCEPTION" shared="false" uninstallMode="3"/>
<entry name="utils/maqtoace" shared="false" uninstallMode="0"/>
<entry name=".install4j/autoUninstall.1" shared="false" uninstallMode="0"/>
<entry name="jre/legal/jdk.httpserver/ASSEMBLY_EXCEPTION" shared="false" uninstallMode="3"/>
<entry name="jre/lib/modules" shared="false" uninstallMode="3"/>
<entry name="jre/lib/compressedrefs/libj9jnichk29.so" shared="false" uninstallMode="3"/>
<entry name="jre/lib/libinstrument.so" shared="false" uninstallMode="3"/>
<entry name="jre/conf/security/policy/README.txt" shared="false" uninstallMode="3"/>
<entry name="jre/lib/libjsig.so" shared="false" uninstallMode="3"/>
<entry name="jre/legal/jdk.sctp/LICENSE" shared="false" uninstallMode="3"/>
<entry name="jre/lib/compressedrefs/libjvm.so" shared="false" uninstallMode="3"/>
<entry name="jre/legal/jdk.security.auth/ADDITIONAL_LICENSE_INFO" shared="false" uninstallMode="3"/>
<entry name="jre/legal/jdk.scripting.nashorn/ASSEMBLY_EXCEPTION" shared="false" uninstallMode="3"/>
<entry name=".install4j/i4jparams.conf" shared="false" uninstallMode="2"/>
<entry name="uninstall" shared="false" uninstallMode="0"/>
<entry name="jre/lib/amd64/client/classes.jsa" shared="false" uninstallMode="0"/>
<entry name="jre/legal/java.base/LICENSE" shared="false" uninstallMode="3"/>
<entry name="jre/legal/java.prefs/ASSEMBLY_EXCEPTION" shared="false" uninstallMode="3"/>
<entry name="jre/legal/java.smartcardio/ASSEMBLY_EXCEPTION" shared="false" uninstallMode="3"/>
<entry name="jre/lib/compressedrefs/libj9gcchk29.so" shared="false" uninstallMode="3"/>
<entry name=".install4j/pref_jre.cfg" shared="false" uninstallMode="0"/>
<entry name="jre/conf/management/jmxremote.password.template" shared="false" uninstallMode="3"/>
<entry name=".install4j/updater.png" shared="false" uninstallMode="2"/>
<entry name="jre/legal/java.desktop/xwd.md" shared="false" uninstallMode="3"/>
<entry name="jre/legal/jdk.accessibility/ADDITIONAL_LICENSE_INFO" shared="false" uninstallMode="3"/>
<entry name="jre/legal/jdk.management.agent/ADDITIONAL_LICENSE_INFO" shared="false" uninstallMode="3"/>
<entry name="jre/legal/java.security.sasl/ASSEMBLY_EXCEPTION" shared="false" uninstallMode="3"/>
<entry name="jre/lib/libsctp.so" shared="false" uninstallMode="3"/>
<entry name=".install4j/i4j_extf_4_18tgpaa_18gg8kx.png" shared="false" uninstallMode="2"/>
<entry name="jre/legal/jdk.pack/ASSEMBLY_EXCEPTION" shared="false" uninstallMode="3"/>
<entry name="jre/lib/libjdwp.so" shared="false" uninstallMode="3"/>
<entry name="jre/legal/java.base/unicode.md" shared="false" uninstallMode="3"/>
<entry name="jre/lib/libj2pcsc.so" shared="false" uninstallMode="3"/>
<entry name="jre/legal/java.logging/LICENSE" shared="false" uninstallMode="3"/>
<entry name="jre/legal/java.base/public_suffix.md" shared="false" uninstallMode="3"/>
<entry name="jre/lib/compressedrefs/libj9vrb29.so" shared="false" uninstallMode="3"/>
<entry name="jre/legal/jdk.localedata/LICENSE" shared="false" uninstallMode="3"/>
<entry name="jre/lib/compressedrefs/libjclse29.so" shared="false" uninstallMode="3"/>
<entry name="jre/lib/libfontmanager.so" shared="false" uninstallMode="3"/>
<entry name="jre/legal/java.security.sasl/ADDITIONAL_LICENSE_INFO" shared="false" uninstallMode="3"/>
<entry name="jre/legal/java.xml.crypto/ADDITIONAL_LICENSE_INFO" shared="false" uninstallMode="3"/>
<entry name="jre/legal/jdk.management.agent/ASSEMBLY_EXCEPTION" shared="false" uninstallMode="3"/>
<entry name="jre/legal/java.base/cldr.md" shared="false" uninstallMode="3"/>
<entry name="jre/lib/java_hu.properties" shared="false" uninstallMode="3"/>
<entry name="jre/legal/jdk.naming.rmi/ASSEMBLY_EXCEPTION" shared="false" uninstallMode="3"/>
<entry name="jre/legal/jdk.unsupported.desktop/LICENSE" shared="false" uninstallMode="3"/>
<entry name="jre/bin/rmiregistry" shared="false" uninstallMode="3"/>
<entry name="jre/legal/java.management.rmi/LICENSE" shared="false" uninstallMode="3"/>
<entry name="jre/legal/jdk.localedata/ASSEMBLY_EXCEPTION" shared="false" uninstallMode="3"/>
<entry name="jre/lib/jspawnhelper" shared="false" uninstallMode="3"/>
<entry name="jre/legal/java.base/ADDITIONAL_LICENSE_INFO" shared="false" uninstallMode="3"/>
<entry name="jre/legal/java.prefs/ADDITIONAL_LICENSE_INFO" shared="false" uninstallMode="3"/>
<entry name="lib/tablet.jar" shared="false" uninstallMode="0"/>
<entry name=".install4j/install.prop" shared="false" uninstallMode="0"/>
<entry name="jre/legal/java.scripting/LICENSE" shared="false" uninstallMode="3"/>
<entry name="jre/legal/java.desktop/ADDITIONAL_LICENSE_INFO" shared="false" uninstallMode="3"/>
<entry name="jre/legal/java.sql/ADDITIONAL_LICENSE_INFO" shared="false" uninstallMode="3"/>
<entry name="jre/legal/jdk.management/ADDITIONAL_LICENSE_INFO" shared="false" uninstallMode="3"/>
<entry name="jre/lib/java_zh.properties" shared="false" uninstallMode="3"/>
<entry name="jre/legal/jdk.internal.ed/ASSEMBLY_EXCEPTION" shared="false" uninstallMode="3"/>
<entry name="jre/legal/jdk.unsupported/LICENSE" shared="false" uninstallMode="3"/>
<entry name="jre/lib/libjsound.so" shared="false" uninstallMode="3"/>
<entry name="jre/lib/libmlib_image.so" shared="false" uninstallMode="3"/>
<entry name="/home/user/bin/tablet" shared="false" uninstallMode="0"/>
<entry name="jre/legal/java.instrument/LICENSE" shared="false" uninstallMode="3"/>
<entry name="jre/legal/java.desktop/lcms.md" shared="false" uninstallMode="3"/>
<entry name="jre/legal/jdk.net/ASSEMBLY_EXCEPTION" shared="false" uninstallMode="3"/>
<entry name="jre/legal/java.xml.crypto/ASSEMBLY_EXCEPTION" shared="false" uninstallMode="3"/>
<entry name="jre/lib/libjava.so" shared="false" uninstallMode="3"/>
<entry name="jre/legal/java.management.rmi/ASSEMBLY_EXCEPTION" shared="false" uninstallMode="3"/>
<entry name="jre/include/jvmticmlr.h" shared="false" uninstallMode="3"/>
<entry name="jre/lib/psfontj2d.properties" shared="false" uninstallMode="3"/>
<entry name="jre/legal/jdk.internal.ed/LICENSE" shared="false" uninstallMode="3"/>
<entry name="jre/legal/java.desktop/giflib.md" shared="false" uninstallMode="3"/>
<entry name="jre/legal/java.naming/LICENSE" shared="false" uninstallMode="3"/>
<entry name="jre/legal/java.smartcardio/LICENSE" shared="false" uninstallMode="3"/>
<entry name="jre/legal/java.management/LICENSE" shared="false" uninstallMode="3"/>
<entry name="jre/legal/jdk.crypto.ec/ecc.md" shared="false" uninstallMode="3"/>
<entry name="jre/lib/server/libjsig.so" shared="false" uninstallMode="3"/>
<entry name="jre/lib/sparc/client/classes.jsa" shared="false" uninstallMode="0"/>
<entry name="jre/legal/jdk.xml.dom/LICENSE" shared="false" uninstallMode="3"/>
<entry name="jre/lib/libunpack.so" shared="false" uninstallMode="3"/>
<entry name="jre/legal/jdk.security.auth/ASSEMBLY_EXCEPTION" shared="false" uninstallMode="3"/>
<entry name="jre/legal/java.base/openj9-notices" shared="false" uninstallMode="3"/>
<entry name="jre/legal/java.security.jgss/ASSEMBLY_EXCEPTION" shared="false" uninstallMode="3"/>
<entry name="jre/legal/jdk.accessibility/LICENSE" shared="false" uninstallMode="3"/>
<entry name="docs/rebase.txt" shared="false" uninstallMode="0"/>
<entry name="docs/samtools.txt" shared="false" uninstallMode="0"/>
<entry name="jre/lib/java_ru.properties" shared="false" uninstallMode="3"/>
<entry name="jre/lib/compressedrefs/libj9vmchk29.so" shared="false" uninstallMode="3"/>
<entry name="jre/lib/libawt_headless.so" shared="false" uninstallMode="3"/>
<entry name="jre/bin/java" shared="false" uninstallMode="3"/>
<entry name="jre/lib/jrt-fs.jar" shared="false" uninstallMode="3"/>
<entry name="jre/legal/java.desktop/LICENSE" shared="false" uninstallMode="3"/>
<entry name="jre/legal/jdk.scripting.nashorn.shell/ASSEMBLY_EXCEPTION" shared="false" uninstallMode="3"/>
<entry name="jre/legal/jdk.scripting.nashorn/ADDITIONAL_LICENSE_INFO" shared="false" uninstallMode="3"/>
<entry name="jre/legal/jdk.dynalink/LICENSE" shared="false" uninstallMode="3"/>
<entry name="jre/lib/libjncrypto.so" shared="false" uninstallMode="3"/>
<entry name="jre/include/jdwpTransport.h" shared="false" uninstallMode="3"/>
<entry name=".install4j/launcher996212d3.jar" shared="false" uninstallMode="2"/>
<entry name="jre/lib/libharfbuzz.so" shared="false" uninstallMode="3"/>
<entry name="jre/legal/java.se/ASSEMBLY_EXCEPTION" shared="false" uninstallMode="3"/>
<entry name="jre/lib/compressedrefs/libmanagement_ext.so" shared="false" uninstallMode="3"/>
<entry name="jre/lib/libprefs.so" shared="false" uninstallMode="3"/>
<entry name=".install4j/user.jar" shared="false" uninstallMode="2"/>
</createdFiles>
<createdDirs>
<entry name="utils" shared="false" uninstallMode="0"/>
<entry name="lib" shared="false" uninstallMode="0"/>
<entry name="jre/lib/server" shared="false" uninstallMode="3"/>
<entry name="jre/lib/security" shared="false" uninstallMode="3"/>
<entry name="jre/lib/jli" shared="false" uninstallMode="3"/>
<entry name="jre/lib/j9vm" shared="false" uninstallMode="3"/>
<entry name="jre/lib/compressedrefs" shared="false" uninstallMode="3"/>
<entry name="jre/lib" shared="false" uninstallMode="3"/>
<entry name="jre/legal/jdk.zipfs" shared="false" uninstallMode="3"/>
<entry name="jre/legal/jdk.xml.dom" shared="false" uninstallMode="3"/>
<entry name="jre/legal/jdk.unsupported.desktop" shared="false" uninstallMode="3"/>
<entry name="jre/legal/jdk.unsupported" shared="false" uninstallMode="3"/>
<entry name="jre/legal/jdk.security.jgss" shared="false" uninstallMode="3"/>
<entry name="jre/legal/jdk.security.auth" shared="false" uninstallMode="3"/>
<entry name="jre/legal/jdk.sctp" shared="false" uninstallMode="3"/>
<entry name="jre/legal/jdk.scripting.nashorn.shell" shared="false" uninstallMode="3"/>
<entry name="jre/legal/jdk.scripting.nashorn" shared="false" uninstallMode="3"/>
<entry name="jre/legal/jdk.pack" shared="false" uninstallMode="3"/>
<entry name="jre/legal/jdk.net" shared="false" uninstallMode="3"/>
<entry name="jre/legal/jdk.naming.rmi" shared="false" uninstallMode="3"/>
<entry name="jre/legal/jdk.naming.dns" shared="false" uninstallMode="3"/>
<entry name="jre/legal/jdk.management.agent" shared="false" uninstallMode="3"/>
<entry name="jre/legal/jdk.management" shared="false" uninstallMode="3"/>
<entry name="jre/legal/jdk.localedata" shared="false" uninstallMode="3"/>
<entry name="jre/legal/jdk.jsobject" shared="false" uninstallMode="3"/>
<entry name="jre/legal/jdk.jdwp.agent" shared="false" uninstallMode="3"/>
<entry name="jre/legal/jdk.internal.le" shared="false" uninstallMode="3"/>
<entry name="jre/legal/jdk.internal.jvmstat" shared="false" uninstallMode="3"/>
<entry name="jre/legal/jdk.internal.ed" shared="false" uninstallMode="3"/>
<entry name="jre/legal/jdk.httpserver" shared="false" uninstallMode="3"/>
<entry name="jre/legal/jdk.dynalink" shared="false" uninstallMode="3"/>
<entry name="jre/legal/jdk.crypto.ec" shared="false" uninstallMode="3"/>
<entry name="jre/legal/jdk.crypto.cryptoki" shared="false" uninstallMode="3"/>
<entry name="jre/legal/jdk.charsets" shared="false" uninstallMode="3"/>
<entry name="jre/legal/jdk.attach" shared="false" uninstallMode="3"/>
<entry name="jre/legal/jdk.accessibility" shared="false" uninstallMode="3"/>
<entry name="jre/legal/java.xml.crypto" shared="false" uninstallMode="3"/>
<entry name="jre/legal/java.xml" shared="false" uninstallMode="3"/>
<entry name="jre/legal/java.transaction.xa" shared="false" uninstallMode="3"/>
<entry name="jre/legal/java.sql.rowset" shared="false" uninstallMode="3"/>
<entry name="jre/legal/java.sql" shared="false" uninstallMode="3"/>
<entry name="jre/legal/java.smartcardio" shared="false" uninstallMode="3"/>
<entry name="jre/legal/java.security.sasl" shared="false" uninstallMode="3"/>
<entry name="jre/legal/java.security.jgss" shared="false" uninstallMode="3"/>
<entry name="jre/legal/java.se" shared="false" uninstallMode="3"/>
<entry name="jre/legal/java.scripting" shared="false" uninstallMode="3"/>
<entry name="jre/legal/java.rmi" shared="false" uninstallMode="3"/>
<entry name="jre/legal/java.prefs" shared="false" uninstallMode="3"/>
<entry name="jre/legal/java.net.http" shared="false" uninstallMode="3"/>
<entry name="jre/legal/java.naming" shared="false" uninstallMode="3"/>
<entry name="jre/legal/java.management.rmi" shared="false" uninstallMode="3"/>
<entry name="jre/legal/java.management" shared="false" uninstallMode="3"/>
<entry name="jre/legal/java.logging" shared="false" uninstallMode="3"/>
<entry name="jre/legal/java.instrument" shared="false" uninstallMode="3"/>
<entry name="jre/legal/java.desktop" shared="false" uninstallMode="3"/>
<entry name="jre/legal/java.datatransfer" shared="false" uninstallMode="3"/>
<entry name="jre/legal/java.compiler" shared="false" uninstallMode="3"/>
<entry name="jre/legal/java.base" shared="false" uninstallMode="3"/>
<entry name="jre/legal" shared="false" uninstallMode="3"/>
<entry name="jre/include/linux" shared="false" uninstallMode="3"/>
<entry name="jre/include" shared="false" uninstallMode="3"/>
<entry name="jre/conf/security/policy/unlimited" shared="false" uninstallMode="3"/>
<entry name="jre/conf/security/policy/limited" shared="false" uninstallMode="3"/>
<entry name="jre/conf/security/policy" shared="false" uninstallMode="3"/>
<entry name="jre/conf/security" shared="false" uninstallMode="3"/>
<entry name="jre/conf/management" shared="false" uninstallMode="3"/>
<entry name="jre/conf" shared="false" uninstallMode="3"/>
<entry name="jre/bin" shared="false" uninstallMode="3"/>
<entry name="jre" shared="false" uninstallMode="3"/>
<entry name="docs" shared="false" uninstallMode="0"/>
<entry name=".install4j" shared="false" uninstallMode="0"/>
<entry name="." shared="false" uninstallMode="0"/>
</createdDirs>
</fileLog>
